Determining if the pthread_create exist failed with the following output:
Change Dir: /home/nekorectifier/Documents/work_dir/build/CMakeFiles/CMakeTmp

Run Build Command:"/usr/bin/make" "cmTC_a1eb5/fast"
/usr/bin/make -f CMakeFiles/cmTC_a1eb5.dir/build.make CMakeFiles/cmTC_a1eb5.dir/build
make[1]: 进入目录“/home/nekorectifier/Documents/work_dir/build/CMakeFiles/CMakeTmp”
Building C object CMakeFiles/cmTC_a1eb5.dir/CheckSymbolExists.c.o
/usr/bin/clang    -o CMakeFiles/cmTC_a1eb5.dir/CheckSymbolExists.c.o   -c /home/nekorectifier/Documents/work_dir/build/CMakeFiles/CMakeTmp/CheckSymbolExists.c
Linking C executable cmTC_a1eb5
/usr/bin/cmake -E cmake_link_script CMakeFiles/cmTC_a1eb5.dir/link.txt --verbose=1
/usr/bin/clang      -rdynamic CMakeFiles/cmTC_a1eb5.dir/CheckSymbolExists.c.o  -o cmTC_a1eb5 
CMakeFiles/cmTC_a1eb5.dir/CheckSymbolExists.c.o：在函数‘main’中：
CheckSymbolExists.c:(.text+0x19)：对‘pthread_create’未定义的引用
clang: error: linker command failed with exit code 1 (use -v to see invocation)
CMakeFiles/cmTC_a1eb5.dir/build.make:97: recipe for target 'cmTC_a1eb5' failed
make[1]: *** [cmTC_a1eb5] Error 1
make[1]: 离开目录“/home/nekorectifier/Documents/work_dir/build/CMakeFiles/CMakeTmp”
Makefile:126: recipe for target 'cmTC_a1eb5/fast' failed
make: *** [cmTC_a1eb5/fast] Error 2

File /home/nekorectifier/Documents/work_dir/build/CMakeFiles/CMakeTmp/CheckSymbolExists.c:
/* */
#include <pthread.h>

int main(int argc, char** argv)
{
  (void)argv;
#ifndef pthread_create
  return ((int*)(&pthread_create))[argc];
#else
  (void)argc;
  return 0;
#endif
}

Determining if the function pthread_create exists in the pthreads failed with the following output:
Change Dir: /home/nekorectifier/Documents/work_dir/build/CMakeFiles/CMakeTmp

Run Build Command:"/usr/bin/make" "cmTC_ec33e/fast"
/usr/bin/make -f CMakeFiles/cmTC_ec33e.dir/build.make CMakeFiles/cmTC_ec33e.dir/build
make[1]: 进入目录“/home/nekorectifier/Documents/work_dir/build/CMakeFiles/CMakeTmp”
Building C object CMakeFiles/cmTC_ec33e.dir/CheckFunctionExists.c.o
/usr/bin/clang   -DCHECK_FUNCTION_EXISTS=pthread_create   -o CMakeFiles/cmTC_ec33e.dir/CheckFunctionExists.c.o   -c /usr/share/cmake-3.10/Modules/CheckFunctionExists.c
Linking C executable cmTC_ec33e
/usr/bin/cmake -E cmake_link_script CMakeFiles/cmTC_ec33e.dir/link.txt --verbose=1
/usr/bin/clang  -DCHECK_FUNCTION_EXISTS=pthread_create    -rdynamic CMakeFiles/cmTC_ec33e.dir/CheckFunctionExists.c.o  -o cmTC_ec33e -lpthreads 
/usr/bin/ld: 找不到 -lpthreads
clang: error: linker command failed with exit code 1 (use -v to see invocation)
CMakeFiles/cmTC_ec33e.dir/build.make:97: recipe for target 'cmTC_ec33e' failed
make[1]: *** [cmTC_ec33e] Error 1
make[1]: 离开目录“/home/nekorectifier/Documents/work_dir/build/CMakeFiles/CMakeTmp”
Makefile:126: recipe for target 'cmTC_ec33e/fast' failed
make: *** [cmTC_ec33e/fast] Error 2


