Determining if the pthread_create exist failed with the following output:
Change Dir: /home/nekorectifier/Documents/work_dir/src/build/CMakeFiles/CMakeTmp

Run Build Command:"/usr/bin/make" "cmTC_2b6ca/fast"
/usr/bin/make -f CMakeFiles/cmTC_2b6ca.dir/build.make CMakeFiles/cmTC_2b6ca.dir/build
make[1]: 进入目录“/home/nekorectifier/Documents/work_dir/src/build/CMakeFiles/CMakeTmp”
Building C object CMakeFiles/cmTC_2b6ca.dir/CheckSymbolExists.c.o
/usr/bin/clang    -o CMakeFiles/cmTC_2b6ca.dir/CheckSymbolExists.c.o   -c /home/nekorectifier/Documents/work_dir/src/build/CMakeFiles/CMakeTmp/CheckSymbolExists.c
Linking C executable cmTC_2b6ca
/usr/bin/cmake -E cmake_link_script CMakeFiles/cmTC_2b6ca.dir/link.txt --verbose=1
/usr/bin/clang      -rdynamic CMakeFiles/cmTC_2b6ca.dir/CheckSymbolExists.c.o  -o cmTC_2b6ca 
CMakeFiles/cmTC_2b6ca.dir/CheckSymbolExists.c.o：在函数‘main’中：
CheckSymbolExists.c:(.text+0x19)：对‘pthread_create’未定义的引用
clang: error: linker command failed with exit code 1 (use -v to see invocation)
CMakeFiles/cmTC_2b6ca.dir/build.make:97: recipe for target 'cmTC_2b6ca' failed
make[1]: *** [cmTC_2b6ca] Error 1
make[1]: 离开目录“/home/nekorectifier/Documents/work_dir/src/build/CMakeFiles/CMakeTmp”
Makefile:126: recipe for target 'cmTC_2b6ca/fast' failed
make: *** [cmTC_2b6ca/fast] Error 2

File /home/nekorectifier/Documents/work_dir/src/build/CMakeFiles/CMakeTmp/CheckSymbolExists.c:
/* */
#include <pthread.h>

int main(int argc, char** argv)
{
  (void)argv;
#ifndef pthread_create
  return ((int*)(&pthread_create))[argc];
#else
  (void)argc;
  return 0;
#endif
}

Determining if the function pthread_create exists in the pthreads failed with the following output:
Change Dir: /home/nekorectifier/Documents/work_dir/src/build/CMakeFiles/CMakeTmp

Run Build Command:"/usr/bin/make" "cmTC_08534/fast"
/usr/bin/make -f CMakeFiles/cmTC_08534.dir/build.make CMakeFiles/cmTC_08534.dir/build
make[1]: 进入目录“/home/nekorectifier/Documents/work_dir/src/build/CMakeFiles/CMakeTmp”
Building C object CMakeFiles/cmTC_08534.dir/CheckFunctionExists.c.o
/usr/bin/clang   -DCHECK_FUNCTION_EXISTS=pthread_create   -o CMakeFiles/cmTC_08534.dir/CheckFunctionExists.c.o   -c /usr/share/cmake-3.10/Modules/CheckFunctionExists.c
Linking C executable cmTC_08534
/usr/bin/cmake -E cmake_link_script CMakeFiles/cmTC_08534.dir/link.txt --verbose=1
/usr/bin/clang  -DCHECK_FUNCTION_EXISTS=pthread_create    -rdynamic CMakeFiles/cmTC_08534.dir/CheckFunctionExists.c.o  -o cmTC_08534 -lpthreads 
/usr/bin/ld: 找不到 -lpthreads
clang: error: linker command failed with exit code 1 (use -v to see invocation)
CMakeFiles/cmTC_08534.dir/build.make:97: recipe for target 'cmTC_08534' failed
make[1]: *** [cmTC_08534] Error 1
make[1]: 离开目录“/home/nekorectifier/Documents/work_dir/src/build/CMakeFiles/CMakeTmp”
Makefile:126: recipe for target 'cmTC_08534/fast' failed
make: *** [cmTC_08534/fast] Error 2


